./test 1 1 ms
./test 2 1 ms
./test 3 1 ms
./test 4 1 ms
./test 5 1 ms
./test 6 1 ms
./test 7 2 ms
./test 8 2 ms
./test 9 2 ms
./test 10 2 ms
./test 20 4 ms
./test 30 5 ms
./test 40 7 ms
./test 50 8 ms
./test 60 10 ms
./test 70 11 ms
./test 80 13 ms
./test 90 15 ms
./test 100 16 ms
./test 200 31 ms
./test 300 47 ms
./test 400 61 ms
./test 500 76 ms
./test 600 93 ms
./test 700 108 ms
./test 800 138 ms
./test 900 161 ms
./test 1000 149 ms
./test 2000 308 ms
./test 3000 505 ms
./test 4000 610 ms
./test 5000 802 ms
./test 6000 939 ms
./test 7000 1106 ms
./test 8000 1187 ms
./test 9000 1352 ms
./test 10000 1564 ms
./test 20000 3419 ms
./test 30000 4959 ms
./test 40000 6612 ms
./test 50000 8020 ms
./test 60000 9953 ms
./test 70000 11348 ms
./test 80000 13453 ms
./test 90000 14309 ms
./test 100000 16149 ms
./test 200000 30425 ms
