./test 1 1 ms
./test 2 1 ms
./test 3 1 ms
./test 4 2 ms
./test 5 2 ms
./test 6 2 ms
./test 7 2 ms
./test 8 2 ms
./test 9 2 ms
./test 10 3 ms
./test 20 5 ms
./test 30 6 ms
./test 40 7 ms
./test 50 9 ms
./test 60 10 ms
./test 70 10 ms
./test 80 11 ms
./test 90 16 ms
./test 100 14 ms
./test 200 27 ms
./test 300 39 ms
./test 400 63 ms
./test 500 79 ms
./test 600 97 ms
./test 700 107 ms
./test 800 142 ms
./test 900 144 ms
./test 1000 154 ms
./test 2000 305 ms
./test 3000 473 ms
./test 4000 475 ms
./test 5000 778 ms
./test 6000 939 ms
./test 7000 1107 ms
./test 8000 1252 ms
./test 9000 1438 ms
./test 10000 1541 ms
./test 20000 3108 ms
./test 30000 4858 ms
./test 40000 6188 ms
./test 50000 8444 ms
./test 60000 9765 ms
./test 70000 11539 ms
./test 80000 13170 ms
./test 90000 14896 ms
./test 100000 16477 ms
./test 200000 31949 ms
