./a.out 1 0 ms
./a.out 2 0 ms
./a.out 3 0 ms
./a.out 4 0 ms
./a.out 5 0 ms
./a.out 6 0 ms
./a.out 7 0 ms
./a.out 8 0 ms
./a.out 9 0 ms
./a.out 10 0 ms
./a.out 20 0 ms
./a.out 30 0 ms
./a.out 40 0 ms
./a.out 50 0 ms
./a.out 60 0 ms
./a.out 70 0 ms
./a.out 80 1 ms
./a.out 90 1 ms
./a.out 100 1 ms
./a.out 200 1 ms
./a.out 300 1 ms
./a.out 400 1 ms
./a.out 500 1 ms
./a.out 600 3 ms
./a.out 700 3 ms
./a.out 800 3 ms
./a.out 900 3 ms
./a.out 1000 3 ms
./a.out 2000 3 ms
./a.out 3000 4 ms
./a.out 4000 3 ms
./a.out 5000 3 ms
./a.out 6000 3 ms
./a.out 7000 3 ms
./a.out 8000 4 ms
./a.out 9000 3 ms
./a.out 10000 3 ms
./a.out 20000 4 ms
./a.out 30000 3 ms
./a.out 40000 3 ms
./a.out 50000 3 ms
./a.out 60000 3 ms
./a.out 70000 3 ms
./a.out 80000 4 ms
./a.out 90000 4 ms
./a.out 100000 4 ms
./a.out 200000 4 ms
./a.out 300000 5 ms
./a.out 400000 6 ms
./a.out 500000 6 ms
./a.out 600000 7 ms
./a.out 700000 8 ms
./a.out 800000 9 ms
./a.out 900000 9 ms
./a.out 1000000 10 ms
./a.out 2000000 17 ms
./a.out 3000000 22 ms
./a.out 4000000 10 ms
./a.out 5000000 8 ms
./a.out 6000000 10 ms
./a.out 7000000 12 ms
./a.out 8000000 13 ms
./a.out 9000000 16 ms
./a.out 10000000 16 ms
./a.out 20000000 31 ms
./a.out 30000000 47 ms
./a.out 40000000 62 ms
./a.out 50000000 77 ms
./a.out 60000000 91 ms
./a.out 70000000 108 ms
./a.out 80000000 122 ms
./a.out 90000000 137 ms
./a.out 100000000 154 ms
./a.out 200000000 333 ms
./a.out 300000000 493 ms
./a.out 400000000 654 ms
./a.out 500000000 806 ms
./a.out 600000000 930 ms
./a.out 700000000 1111 ms
./a.out 800000000 1270 ms
./a.out 900000000 1398 ms
./a.out 1000000000 1558 ms
./a.out 2000000000 3260 ms
./a.out 3000000000 4742 ms
./a.out 4000000000 6350 ms
./a.out 5000000000 7809 ms
./a.out 6000000000 9651 ms
./a.out 7000000000 11150 ms
./a.out 8000000000 12982 ms
./a.out 9000000000 14448 ms
