./test 1 2 ms
./test 2 1 ms
./test 3 2 ms
./test 4 2 ms
./test 5 2 ms
./test 6 2 ms
./test 7 3 ms
./test 8 2 ms
./test 9 2 ms
./test 10 2 ms
./test 20 2 ms
./test 30 4 ms
./test 40 4 ms
./test 50 4 ms
./test 60 5 ms
./test 70 5 ms
./test 80 6 ms
./test 90 6 ms
./test 100 6 ms
./test 200 11 ms
./test 300 16 ms
./test 400 22 ms
./test 500 26 ms
./test 600 31 ms
./test 700 35 ms
./test 800 40 ms
./test 900 44 ms
./test 1000 50 ms
./test 2000 82 ms
./test 3000 121 ms
./test 4000 161 ms
./test 5000 201 ms
./test 6000 239 ms
./test 7000 278 ms
./test 8000 320 ms
./test 9000 366 ms
./test 10000 400 ms
./test 20000 791 ms
./test 30000 1218 ms
./test 40000 1677 ms
./test 50000 2314 ms
./test 60000 2485 ms
./test 70000 2805 ms
./test 80000 3183 ms
./test 90000 3572 ms
./test 100000 3982 ms
./test 200000 8051 ms
./test 300000 12143 ms
./test 400000 16301 ms
./test 500000 20423 ms
./test 600000 24483 ms
./test 700000 27971 ms
./test 800000 32116 ms
./test 900000 36591 ms
./test 1000000 41057 ms
./test 2000000 82241 ms
