./test 1 6 ms
./test 2 4 ms
./test 3 3 ms
./test 4 2 ms
./test 5 2 ms
./test 6 2 ms
./test 7 3 ms
./test 8 3 ms
./test 9 3 ms
./test 10 3 ms
./test 20 3 ms
./test 30 4 ms
./test 40 4 ms
./test 50 5 ms
./test 60 6 ms
./test 70 6 ms
./test 80 7 ms
./test 90 7 ms
./test 100 8 ms
./test 200 13 ms
./test 300 19 ms
./test 400 24 ms
./test 500 29 ms
./test 600 35 ms
./test 700 33 ms
./test 800 37 ms
./test 900 41 ms
./test 1000 49 ms
./test 2000 90 ms
./test 3000 129 ms
./test 4000 164 ms
./test 5000 208 ms
./test 6000 263 ms
./test 7000 326 ms
./test 8000 423 ms
./test 9000 425 ms
./test 10000 425 ms
./test 20000 954 ms
./test 30000 1348 ms
./test 40000 1631 ms
./test 50000 2451 ms
./test 60000 2872 ms
./test 70000 2915 ms
./test 80000 3348 ms
./test 90000 3924 ms
./test 100000 4174 ms
./test 200000 9241 ms
./test 300000 12527 ms
./test 400000 17331 ms
./test 500000 20415 ms
./test 600000 23515 ms
./test 700000 27169 ms
./test 800000 30906 ms
./test 900000 36101 ms
./test 1000000 47159 ms
./test 2000000 86263 ms
